Arguments: 
  /usr/local/Cellar/node/13.12.0/bin/node /usr/local/Cellar/yarn/1.22.4/libexec/bin/yarn.js remove

PATH: 
  /usr/bin:/bin:/usr/sbin:/sbin:/Users/Alisa/bin:/usr/local/bin:/usr/local/share/npm/bin:./bin:./node_modules/.bin:/Users/Alisa/anaconda3/bin:/Users/Alisa/.rbenv/bin:/usr/local/bin:/usr/bin:/bin:/usr/sbin:/sbin:/usr/local/sbin

Yarn version: 
  1.22.4

Node version: 
  13.12.0

Platform: 
  darwin x64

Trace: 
  SyntaxError: /Users/Alisa/code/donnuet/package.json: Unexpected token } in JSON at position 376
      at JSON.parse (<anonymous>)
      at /usr/local/Cellar/yarn/1.22.4/libexec/lib/cli.js:1625:59
      at Generator.next (<anonymous>)
      at step (/usr/local/Cellar/yarn/1.22.4/libexec/lib/cli.js:310:30)
      at /usr/local/Cellar/yarn/1.22.4/libexec/lib/cli.js:321:13

npm manifest: 
  {
    "name": "donnuet",
    "version": "1.0.0",
    "main": "index.js",
    "repository": "git@github.com:alisasilina/donnuet.git",
    "author": "Alisa Silina <alisasilina@gmail.com>",
    "license": "MIT",
    "dependencies": {
      "@fortawesome/fontawesome-free": "^5.13.0",
      "jquery": "^3.5.0",
      "jquery-bar-rating": "^1.2.2",
      "rateyo": "^2.3.5",
      "starrr": "^2.0.4"
    },
  }

yarn manifest: 
  No manifest

Lockfile: 
  # THIS IS AN AUTOGENERATED FILE. DO NOT EDIT THIS FILE DIRECTLY.
  # yarn lockfile v1
  
  
  "@fortawesome/fontawesome-free@^5.13.0":
    version "5.13.0"
    resolved "https://registry.yarnpkg.com/@fortawesome/fontawesome-free/-/fontawesome-free-5.13.0.tgz#fcb113d1aca4b471b709e8c9c168674fbd6e06d9"
    integrity sha512-xKOeQEl5O47GPZYIMToj6uuA2syyFlq9EMSl2ui0uytjY9xbe8XS0pexNWmxrdcCyNGyDmLyYw5FtKsalBUeOg==
  
  jquery-bar-rating@^1.2.2:
    version "1.2.2"
    resolved "https://registry.yarnpkg.com/jquery-bar-rating/-/jquery-bar-rating-1.2.2.tgz#9594d662cff9deb0fe7b372511bb2492a436f392"
    integrity sha1-lZTWYs/53rD+ezclEbskkqQ285I=
    dependencies:
      jquery ">=1.7.2"
  
  jquery@>=1.7.2, jquery@^3.5.0:
    version "3.5.0"
    resolved "https://registry.yarnpkg.com/jquery/-/jquery-3.5.0.tgz#9980b97d9e4194611c36530e7dc46a58d7340fc9"
    integrity sha512-Xb7SVYMvygPxbFMpTFQiHh1J7HClEaThguL15N/Gg37Lri/qKyhRGZYzHRyLH8Stq3Aow0LsHO2O2ci86fCrNQ==
  
  rateyo@^2.3.5:
    version "2.3.5"
    resolved "https://registry.yarnpkg.com/rateyo/-/rateyo-2.3.5.tgz#993e0072af37c85aa81da104213ef5585ceacd1f"
    integrity sha512-X0ewsUTzZiJwxJkca4RhRn6q53OkpuHoRdF9VFPluhP84N8NM2JnD/uBUT4QOtCj/5dNa0A+bEkJA7n/gWsYag==
  
  starrr@^2.0.4:
    version "2.0.4"
    resolved "https://registry.yarnpkg.com/starrr/-/starrr-2.0.4.tgz#09030f68febeb1fb02fcef2e06982dacbf5611eb"
    integrity sha1-CQMPaP6+sfsC/O8uBpgtrL9WEes=
